<?xml version="1.0" encoding="UTF-8"?>
<!-- Generated by org.testng.reporters.JUnitReportReporter -->
<testsuite hostname="Deepika" failures="0" tests="2" name="Testcase.TestBaseClass" time="7.086" errors="0" timestamp="2024-02-15T19:10:01 IST" skipped="0">
  <testcase classname="Testcase.TestBaseClass" name="login" time="4.473"/>
  <testcase classname="Testcase.TestBaseClass" name="Product" time="2.613"/>
</testsuite> <!-- Testcase.TestBaseClass -->
